<?xml version="1.0" encoding="UTF-8"?>
<!-- Generated by org.testng.reporters.JUnitXMLReporter -->
<testsuite hostname="DESKTOP-IR96KK7" ignored="0" name="Test" tests="3" failures="0" timestamp="04 Feb 2021 19:38:20 GMT" time="137.938" errors="0">
  <testcase name="totalValidation" time="50.321" classname="E2E_MobileAutomation.RahulMobileAutomaiton.Ecommerce_tc_4"/>
  <testcase name="apiDemo" time="42.366" classname="E2E_MobileAutomation.RahulMobileAutomaiton.ApiDemoTest"/>
  <testcase name="apiDemo" time="42.097" classname="E2E_MobileAutomation.RahulMobileAutomaiton.ApiDemoTest"/>
</testsuite> <!-- Test -->
