<?xml version="1.0" encoding="UTF-8"?>
<!-- Generated by org.testng.reporters.JUnitXMLReporter -->
<testsuite hostname="DESKTOP-IR96KK7" ignored="0" name="Test" tests="3" failures="0" timestamp="05 Feb 2021 03:31:56 GMT" time="143.618" errors="0">
  <testcase name="totalValidation" time="58.282" classname="E2E_MobileAutomation.RahulMobileAutomaiton.Ecommerce_tc_4"/>
  <testcase name="apiDemo" time="40.437" classname="E2E_MobileAutomation.RahulMobileAutomaiton.ApiDemoTest"/>
  <testcase name="apiDemo" time="41.824" classname="E2E_MobileAutomation.RahulMobileAutomaiton.ApiDemoTest"/>
</testsuite> <!-- Test -->
