<?xml version="1.0" encoding="UTF-8"?>
<testng-results skipped="0" failed="0" ignored="0" total="3" passed="3">
  <reporter-output>
  </reporter-output>
  <suite name="Suite" duration-ms="143618" started-at="2021-02-05T03:29:32Z" finished-at="2021-02-05T03:31:56Z">
    <groups>
    </groups>
    <test name="Test" duration-ms="143618" started-at="2021-02-05T03:29:32Z" finished-at="2021-02-05T03:31:56Z">
      <class name="E2E_MobileAutomation.RahulMobileAutomaiton.Ecommerce_tc_4">
        <test-method status="PASS" signature="killAllNodes()[pri:0, instance:E2E_MobileAutomation.RahulMobileAutomaiton.Ecommerce_tc_4@6193932a]" name="killAllNodes" is-config="true" duration-ms="3016" started-at="2021-02-05T03:29:32Z" finished-at="2021-02-05T03:29:36Z">
          <reporter-output>
          </reporter-output>
        </test-method> <!-- killAllNodes -->
        <test-method status="PASS" signature="totalValidation()[pri:0, instance:E2E_MobileAutomation.RahulMobileAutomaiton.Ecommerce_tc_4@6193932a]" name="totalValidation" duration-ms="58282" started-at="2021-02-05T03:29:36Z" finished-at="2021-02-05T03:30:34Z">
          <reporter-output>
          </reporter-output>
        </test-method> <!-- totalValidation -->
      </class> <!-- E2E_MobileAutomation.RahulMobileAutomaiton.Ecommerce_tc_4 -->
      <class name="E2E_MobileAutomation.RahulMobileAutomaiton.ApiDemoTest">
        <test-method status="PASS" signature="apiDemo(java.lang.String)[pri:0, instance:E2E_MobileAutomation.RahulMobileAutomaiton.ApiDemoTest@647fd8ce]" name="apiDemo" duration-ms="40437" started-at="2021-02-05T03:30:34Z" data-provider="InputData" finished-at="2021-02-05T03:31:14Z">
          <params>
            <param index="0">
              <value>
                <![CDATA[hello]]>
              </value>
            </param>
          </params>
          <reporter-output>
          </reporter-output>
        </test-method> <!-- apiDemo -->
        <test-method status="PASS" signature="apiDemo(java.lang.String)[pri:0, instance:E2E_MobileAutomation.RahulMobileAutomaiton.ApiDemoTest@647fd8ce]" name="apiDemo" duration-ms="41824" started-at="2021-02-05T03:31:14Z" data-provider="InputData" finished-at="2021-02-05T03:31:56Z">
          <params>
            <param index="0">
              <value>
                <![CDATA[@#$%]]>
              </value>
            </param>
          </params>
          <reporter-output>
          </reporter-output>
        </test-method> <!-- apiDemo -->
      </class> <!-- E2E_MobileAutomation.RahulMobileAutomaiton.ApiDemoTest -->
    </test> <!-- Test -->
  </suite> <!-- Suite -->
</testng-results>
